This is pdfTeX, Version 3.1415926-2.5-1.40.14 (TeX Live 2013/Debian) (format=latex 2015.5.26)  26 MAY 2015 20:09
entering extended mode
 restricted \write18 enabled.
 %&-line parsing enabled.
**titlepage.tex
(./titlepage.tex
LaTeX2e <2011/06/27>
Babel <3.9h> and hyphenation patterns for 78 languages loaded.

! LaTeX Error: Environment titlepage undefined.

See the LaTeX manual or LaTeX Companion for explanation.
Type  H <return>  for immediate help.
 ...                                              
                                                  
l.5 \begin{titlepage}
                     
? 
! Interruption.
\GenericError  ...                                
                                                  \endgroup 
l.5 \begin{titlepage}
                     
? X
 
Here is how much of TeX's memory you used:
 6 strings out of 493305
 150 string characters out of 6139897
 51877 words of memory out of 5000000
 3565 multiletter control sequences out of 15000+600000
 3640 words of font info for 14 fonts, out of 8000000 for 9000
 957 hyphenation exceptions out of 8191
 5i,0n,4p,68b,16s stack positions out of 5000i,500n,10000p,200000b,80000s
No pages of output.
